2021-05-27T03:07:04+00:00 INFO (6): EndpointUrl ===>http://app.targetbay.com/api/v1/webhooks/order-status?api_token=73f1095a-0336-480e-85d4-30c793c3d392
2021-05-27T03:07:04+00:00 INFO (6): Request ===>{"order_id":"64391","status":"closed","index_name":"1bb84ca5-599e-4b99-9992-e0f6759a32b6"}
2021-05-27T03:22:30+00:00 INFO (6): EndpointUrl ===>http://app.targetbay.com/api/v1/webhooks/login?api_token=73f1095a-0336-480e-85d4-30c793c3d392
2021-05-27T03:22:30+00:00 INFO (6): Request ===>{"session_id":"aa10b6de2f604bd7ba52533556b09391","previous_session_id":null,"login_date":"2021-05-27","user_id":"49313","user_name":"Jack Fu","user_mail":"jackfu71@gmail.com","timestamp":1622073600,"ip_address":"130.45.4.52","index_name":"1bb84ca5-599e-4b99-9992-e0f6759a32b6"}
2021-05-27T03:30:05+00:00 INFO (6): EndpointUrl ===>http://app.targetbay.com/api/v1/webhooks/order-status?api_token=73f1095a-0336-480e-85d4-30c793c3d392
2021-05-27T03:30:05+00:00 INFO (6): Request ===>{"order_id":"64394","status":"processing","index_name":"1bb84ca5-599e-4b99-9992-e0f6759a32b6"}
2021-05-27T03:44:03+00:00 INFO (6): EndpointUrl ===>http://app.targetbay.com/api/v1/webhooks/order-status?api_token=73f1095a-0336-480e-85d4-30c793c3d392
2021-05-27T03:44:03+00:00 INFO (6): Request ===>{"order_id":"64406","status":"processing","index_name":"1bb84ca5-599e-4b99-9992-e0f6759a32b6"}
2021-05-27T03:45:05+00:00 INFO (6): EndpointUrl ===>http://app.targetbay.com/api/v1/webhooks/order-status?api_token=73f1095a-0336-480e-85d4-30c793c3d392
2021-05-27T03:45:05+00:00 INFO (6): Request ===>{"order_id":"64407","status":"processing","index_name":"1bb84ca5-599e-4b99-9992-e0f6759a32b6"}
2021-05-27T04:03:09+00:00 INFO (6): EndpointUrl ===>http://app.targetbay.com/api/v1/webhooks/add-to-cart?api_token=73f1095a-0336-480e-85d4-30c793c3d392
2021-05-27T04:03:09+00:00 INFO (6): Request ===>{"session_id":"4692545403","user_name":"anonymous","user_mail":"anonymous","user_id":"4692545403","user_agent":"Mozilla\/5.0 (iPhone; CPU iPhone OS 14_4_2 like Mac OS X) AppleWebKit\/605.1.15 (KHTML, like Gecko) Version\/14.0.3 Mobile\/15E148 Safari\/604.1","order_id":"242902","timestamp":1622073600,"product_type":"grouped","cart_item":[{"type":"simple","parent_id":"1967","product_id":5669,"product_sku":"BTM-.5-VIOLET-PVC","product_name":"BioTek Marine Violet 1\/2&quot; SCH 40 Furniture Grade PVC Pipe 5&#039;","price":26.85,"special_price":null,"productimg":"https:\/\/www.aquariumspecialty.com\/pub\/media\/catalog\/product\/i\/m\/image_tubing-colored._1_1_1_1_1_1_1.jpg","category":"","category_name":"","quantity":"3","page_url":"https:\/\/www.aquariumspecialty.com\/biotek-marine-violet-1-2-sch-40-furniture-grade-pvc-pipe-5.html","attributes":""}],"index_name":"1bb84ca5-599e-4b99-9992-e0f6759a32b6"}
2021-05-27T04:08:57+00:00 INFO (6): EndpointUrl ===>http://app.targetbay.com/api/v1/webhooks/order-status?api_token=73f1095a-0336-480e-85d4-30c793c3d392
2021-05-27T04:08:57+00:00 INFO (6): Request ===>{"order_id":"64410","status":"processing","index_name":"1bb84ca5-599e-4b99-9992-e0f6759a32b6"}
2021-05-27T04:08:58+00:00 INFO (6): EndpointUrl ===>http://app.targetbay.com/api/v1/webhooks/order-status?api_token=73f1095a-0336-480e-85d4-30c793c3d392
2021-05-27T04:08:58+00:00 INFO (6): Request ===>{"order_id":"64410","status":"processing","index_name":"1bb84ca5-599e-4b99-9992-e0f6759a32b6"}
2021-05-27T04:08:58+00:00 INFO (6): EndpointUrl ===>http://app.targetbay.com/api/v1/webhooks/m2-ordered-items?api_token=73f1095a-0336-480e-85d4-30c793c3d392
2021-05-27T04:08:58+00:00 INFO (6): Request ===>{"user_id":"4692545403","user_name":"anonymous","session_id":"4692545403","page_url":"https:\/\/www.aquariumspecialty.com\/paypal\/express\/placeOrder\/","ip_address":"174.207.131.50","user_agent":"Mozilla\/5.0 (iPhone; CPU iPhone OS 14_4_2 like Mac OS X) AppleWebKit\/605.1.15 (KHTML, like Gecko) Version\/14.0.3 Mobile\/15E148 Safari\/604.1","utm_sources":"","utm_token":"","order_id":"64410","index_name":"1bb84ca5-599e-4b99-9992-e0f6759a32b6"}
2021-05-27T04:09:01+00:00 INFO (6): EndpointUrl ===>http://app.targetbay.com/api/v1/webhooks/order-status?api_token=73f1095a-0336-480e-85d4-30c793c3d392
2021-05-27T04:09:01+00:00 INFO (6): Request ===>{"order_id":"64410","status":"processing","index_name":"1bb84ca5-599e-4b99-9992-e0f6759a32b6"}
2021-05-27T04:10:05+00:00 INFO (6): EndpointUrl ===>http://app.targetbay.com/api/v1/webhooks/order-status?api_token=73f1095a-0336-480e-85d4-30c793c3d392
2021-05-27T04:10:05+00:00 INFO (6): Request ===>{"order_id":"64410","status":"processing","index_name":"1bb84ca5-599e-4b99-9992-e0f6759a32b6"}
2021-05-27T04:11:03+00:00 INFO (6): EndpointUrl ===>http://app.targetbay.com/api/v1/webhooks/order-status?api_token=73f1095a-0336-480e-85d4-30c793c3d392
2021-05-27T04:11:03+00:00 INFO (6): Request ===>{"order_id":"64409","status":"processing","index_name":"1bb84ca5-599e-4b99-9992-e0f6759a32b6"}
2021-05-27T04:11:04+00:00 INFO (6): EndpointUrl ===>http://app.targetbay.com/api/v1/webhooks/order-status?api_token=73f1095a-0336-480e-85d4-30c793c3d392
2021-05-27T04:11:04+00:00 INFO (6): Request ===>{"order_id":"64410","status":"processing","index_name":"1bb84ca5-599e-4b99-9992-e0f6759a32b6"}
2021-05-27T04:12:04+00:00 INFO (6): EndpointUrl ===>http://app.targetbay.com/api/v1/webhooks/order-status?api_token=73f1095a-0336-480e-85d4-30c793c3d392
2021-05-27T04:12:04+00:00 INFO (6): Request ===>{"order_id":"64410","status":"processing","index_name":"1bb84ca5-599e-4b99-9992-e0f6759a32b6"}
2021-05-27T04:14:03+00:00 INFO (6): EndpointUrl ===>http://app.targetbay.com/api/v1/webhooks/order-status?api_token=73f1095a-0336-480e-85d4-30c793c3d392
2021-05-27T04:14:03+00:00 INFO (6): Request ===>{"order_id":"64410","status":"processing","index_name":"1bb84ca5-599e-4b99-9992-e0f6759a32b6"}
2021-05-27T04:20:05+00:00 INFO (6): EndpointUrl ===>http://app.targetbay.com/api/v1/webhooks/order-status?api_token=73f1095a-0336-480e-85d4-30c793c3d392
2021-05-27T04:20:05+00:00 INFO (6): Request ===>{"order_id":"64410","status":"processing","index_name":"1bb84ca5-599e-4b99-9992-e0f6759a32b6"}
2021-05-27T04:28:11+00:00 INFO (6): EndpointUrl ===>http://app.targetbay.com/api/v1/webhooks/login?api_token=73f1095a-0336-480e-85d4-30c793c3d392
2021-05-27T04:28:11+00:00 INFO (6): Request ===>{"session_id":"ede159989ad93aceb71ceeccac7f3f72","previous_session_id":null,"login_date":"2021-05-27","user_id":"55173","user_name":"Rufus Prince","user_mail":"rufdog68@yahoo.com","timestamp":1622073600,"ip_address":"172.58.143.237","index_name":"1bb84ca5-599e-4b99-9992-e0f6759a32b6"}
2021-05-27T04:30:06+00:00 INFO (6): EndpointUrl ===>http://app.targetbay.com/api/v1/webhooks/order-status?api_token=73f1095a-0336-480e-85d4-30c793c3d392
2021-05-27T04:30:06+00:00 INFO (6): Request ===>{"order_id":"64410","status":"processing","index_name":"1bb84ca5-599e-4b99-9992-e0f6759a32b6"}
2021-05-27T04:52:04+00:00 INFO (6): EndpointUrl ===>http://app.targetbay.com/api/v1/webhooks/order-status?api_token=73f1095a-0336-480e-85d4-30c793c3d392
2021-05-27T04:52:04+00:00 INFO (6): Request ===>{"order_id":"64410","status":"processing","index_name":"1bb84ca5-599e-4b99-9992-e0f6759a32b6"}
2021-05-27T04:59:38+00:00 INFO (6): EndpointUrl ===>http://app.targetbay.com/api/v1/webhooks/create-account?api_token=73f1095a-0336-480e-85d4-30c793c3d392
2021-05-27T04:59:38+00:00 INFO (6): Request ===>{"session_id":"bcafe15c4f71188604d9821173272da4","previous_session_id":"1946753399","firstname":"Paul","lastname":"Burt","customer_group_id":"General","account_created":"2021-05-27","user_id":"55514","user_name":"Paul Burt","user_mail":"volksport1@gmail.com","timestamp":1622073600,"ip_address":"24.247.65.33","index_name":"1bb84ca5-599e-4b99-9992-e0f6759a32b6"}
2021-05-27T04:59:38+00:00 INFO (6): EndpointUrl ===>http://app.targetbay.com/api/v1/webhooks/login?api_token=73f1095a-0336-480e-85d4-30c793c3d392
2021-05-27T04:59:38+00:00 INFO (6): Request ===>{"session_id":"bcafe15c4f71188604d9821173272da4","previous_session_id":"1946753399","login_date":"2021-05-27","user_id":"55514","user_name":"Paul Burt","user_mail":"volksport1@gmail.com","timestamp":1622073600,"ip_address":"24.247.65.33","index_name":"1bb84ca5-599e-4b99-9992-e0f6759a32b6"}
2021-05-27T05:32:04+00:00 INFO (6): EndpointUrl ===>http://app.targetbay.com/api/v1/webhooks/order-status?api_token=73f1095a-0336-480e-85d4-30c793c3d392
2021-05-27T05:32:04+00:00 INFO (6): Request ===>{"order_id":"64408","status":"processing","index_name":"1bb84ca5-599e-4b99-9992-e0f6759a32b6"}
2021-05-27T05:33:03+00:00 INFO (6): EndpointUrl ===>http://app.targetbay.com/api/v1/webhooks/order-status?api_token=73f1095a-0336-480e-85d4-30c793c3d392
2021-05-27T05:33:03+00:00 INFO (6): Request ===>{"order_id":"64396","status":"processing","index_name":"1bb84ca5-599e-4b99-9992-e0f6759a32b6"}
2021-05-27T05:34:03+00:00 INFO (6): EndpointUrl ===>http://app.targetbay.com/api/v1/webhooks/order-status?api_token=73f1095a-0336-480e-85d4-30c793c3d392
2021-05-27T05:34:03+00:00 INFO (6): Request ===>{"order_id":"64410","status":"processing","index_name":"1bb84ca5-599e-4b99-9992-e0f6759a32b6"}
